This is pdfTeX, Version 3.141592653-2.6-1.40.28 (TeX Live 2025) (preloaded format=pdflatex 2025.9.10)  19 FEB 2026 10:39
entering extended mode
 restricted \write18 enabled.
 %&-line parsing enabled.
**\input ./Rd2.tex \input ./Rd2.tex \input ./Rd2.tex
(./Rd2.tex
(/Users/rodrigo/Library/TinyTeX/texmf-dist/tex/latex/base/book.cls
Document Class: book 2025/01/22 v1.4n Standard LaTeX document class
(/Users/rodrigo/Library/TinyTeX/texmf-dist/tex/latex/base/bk10.clo
File: bk10.clo 2025/01/22 v1.4n Standard LaTeX file (size option)
)
\c@part=\count275
\c@chapter=\count276
\c@section=\count277
\c@subsection=\count278
\c@subsubsection=\count279
\c@paragraph=\count280
\c@subparagraph=\count281
\c@figure=\count282
\c@table=\count283
\abovecaptionskip=\skip49
\belowcaptionskip=\skip50
\bibindent=\dimen148
) (/Library/Frameworks/R.framework/Resources/share/texmf/tex/latex/Rd.sty
Package: Rd 
 (/Users/rodrigo/Library/TinyTeX/texmf-dist/tex/latex/base/ifthen.sty
Package: ifthen 2024/03/16 v1.1e Standard LaTeX ifthen package (DPC)
) (/Users/rodrigo/Library/TinyTeX/texmf-dist/tex/generic/iftex/iftex.sty
Package: iftex 2024/12/12 v1.0g TeX engine tests
) (/Users/rodrigo/Library/TinyTeX/texmf-dist/tex/latex/tools/longtable.sty
Package: longtable 2024-12-18 v4.23 Multi-page Table package (DPC)
\LTleft=\skip51
\LTright=\skip52
\LTpre=\skip53
\LTpost=\skip54
\LTchunksize=\count284
\LTcapwidth=\dimen149
\LT@head=\box53
\LT@firsthead=\box54
\LT@foot=\box55
\LT@lastfoot=\box56
\LT@gbox=\box57
\LT@cols=\count285
\LT@rows=\count286
\c@LT@tables=\count287
\c@LT@chunks=\count288
\LT@p@ftn=\toks17
) (/Users/rodrigo/Library/TinyTeX/texmf-dist/tex/latex/tools/bm.sty
Package: bm 2023/12/19 v1.2f Bold Symbol Support (DPC/FMi)
\symboldoperators=\mathgroup4
\symboldletters=\mathgroup5
\symboldsymbols=\mathgroup6
Package bm Info: No bold for \OMX/cmex/m/n, using \pmb.
LaTeX Font Info:    Redeclaring math alphabet \mathbf on input line 149.
) (/Users/rodrigo/Library/TinyTeX/texmf-dist/tex/latex/base/alltt.sty
Package: alltt 2024/07/07 v2.0g defines alltt environment
) (/Users/rodrigo/Library/TinyTeX/texmf-dist/tex/latex/tools/verbatim.sty
Package: verbatim 2024-01-22 v1.5x LaTeX2e package for verbatim enhancements
\every@verbatim=\toks18
\verbatim@line=\toks19
\verbatim@in@stream=\read2
) (/Users/rodrigo/Library/TinyTeX/texmf-dist/tex/latex/url/url.sty
\Urlmuskip=\muskip17
Package: url 2013/09/16  ver 3.4  Verb mode for urls, etc.
) (/Users/rodrigo/Library/TinyTeX/texmf-dist/tex/latex/base/textcomp.sty
Package: textcomp 2024/04/24 v2.1b Standard LaTeX package
) (/Users/rodrigo/Library/TinyTeX/texmf-dist/tex/latex/amsmath/amsmath.sty
Package: amsmath 2025/06/16 v2.17y AMS math features
\@mathmargin=\skip55

For additional information on amsmath, use the `?' option.
(/Users/rodrigo/Library/TinyTeX/texmf-dist/tex/latex/amsmath/amstext.sty
Package: amstext 2024/11/17 v2.01 AMS text
 (/Users/rodrigo/Library/TinyTeX/texmf-dist/tex/latex/amsmath/amsgen.sty
File: amsgen.sty 1999/11/30 v2.0 generic functions
\@emptytoks=\toks20
\ex@=\dimen150
)) (/Users/rodrigo/Library/TinyTeX/texmf-dist/tex/latex/amsmath/amsbsy.sty
Package: amsbsy 1999/11/29 v1.2d Bold Symbols
LaTeX Info: Redefining \boldsymbol on input line 28.
\pmbraise@=\dimen151
) (/Users/rodrigo/Library/TinyTeX/texmf-dist/tex/latex/amsmath/amsopn.sty
Package: amsopn 2022/04/08 v2.04 operator names
)
\inf@bad=\count289
LaTeX Info: Redefining \frac on input line 233.
\uproot@=\count290
\leftroot@=\count291
LaTeX Info: Redefining \overline on input line 398.
LaTeX Info: Redefining \colon on input line 409.
\classnum@=\count292
\DOTSCASE@=\count293
LaTeX Info: Redefining \ldots on input line 495.
LaTeX Info: Redefining \dots on input line 498.
LaTeX Info: Redefining \cdots on input line 619.
\Mathstrutbox@=\box58
\strutbox@=\box59
LaTeX Info: Redefining \big on input line 721.
LaTeX Info: Redefining \Big on input line 722.
LaTeX Info: Redefining \bigg on input line 723.
LaTeX Info: Redefining \Bigg on input line 724.
\big@size=\dimen152
LaTeX Font Info:    Redeclaring font encoding OML on input line 742.
LaTeX Font Info:    Redeclaring font encoding OMS on input line 743.
\macc@depth=\count294
LaTeX Info: Redefining \bmod on input line 904.
LaTeX Info: Redefining \pmod on input line 909.
LaTeX Info: Redefining \smash on input line 939.
LaTeX Info: Redefining \relbar on input line 969.
LaTeX Info: Redefining \Relbar on input line 970.
\c@MaxMatrixCols=\count295
\dotsspace@=\muskip18
\c@parentequation=\count296
\dspbrk@lvl=\count297
\tag@help=\toks21
\row@=\count298
\column@=\count299
\maxfields@=\count300
\andhelp@=\toks22
\eqnshift@=\dimen153
\alignsep@=\dimen154
\tagshift@=\dimen155
\tagwidth@=\dimen156
\totwidth@=\dimen157
\lineht@=\dimen158
\@envbody=\toks23
\multlinegap=\skip56
\multlinetaggap=\skip57
\mathdisplay@stack=\toks24
LaTeX Info: Redefining \[ on input line 2949.
LaTeX Info: Redefining \] on input line 2950.
) (/Users/rodrigo/Library/TinyTeX/texmf-dist/tex/latex/amsfonts/amsfonts.sty
Package: amsfonts 2013/01/14 v3.01 Basic AMSFonts support
\symAMSa=\mathgroup7
\symAMSb=\mathgroup8
LaTeX Font Info:    Redeclaring math symbol \hbar on input line 98.
LaTeX Font Info:    Overwriting math alphabet `\mathfrak' in version `bold'
(Font)                  U/euf/m/n --> U/euf/b/n on input line 106.
) (/Users/rodrigo/Library/TinyTeX/texmf-dist/tex/latex/amsfonts/amssymb.sty
Package: amssymb 2013/01/14 v3.01 AMS font symbols
) (/Users/rodrigo/Library/TinyTeX/texmf-dist/tex/latex/amsfonts/eucal.sty
Package: eucal 2009/06/22 v3.00 Euler Script fonts
LaTeX Font Info:    Overwriting math alphabet `\EuScript' in version `bold'
(Font)                  U/eus/m/n --> U/eus/b/n on input line 33.
)
\ldescriptionwidth=\skip58
 (/Users/rodrigo/Library/TinyTeX/texmf-dist/tex/latex/base/fontenc.sty
Package: fontenc 2024/12/21 v2.1c Standard LaTeX package
) (/Users/rodrigo/Library/TinyTeX/texmf-dist/tex/latex/psnfss/times.sty
Package: times 2020/03/25 PSNFSS-v9.3 (SPQR) 
) (/Users/rodrigo/Library/TinyTeX/texmf-dist/tex/latex/inconsolata/zi4.sty
Package: zi4 2019/05/17 v1.12
 `inconsolata-zi4' v1.12, 2019/05/17 Text macros for Inconsolata (msharpe) (/Users/rodrigo/Library/TinyTeX/texmf-dist/tex/latex/xkeyval/xkeyval.sty
Package: xkeyval 2022/06/16 v2.9 package option processing (HA)
 (/Users/rodrigo/Library/TinyTeX/texmf-dist/tex/generic/xkeyval/xkeyval.tex (/Users/rodrigo/Library/TinyTeX/texmf-dist/tex/generic/xkeyval/xkvutils.tex
\XKV@toks=\toks25
\XKV@tempa@toks=\toks26
 (/Users/rodrigo/Library/TinyTeX/texmf-dist/tex/generic/xkeyval/keyval.tex))
\XKV@depth=\count301
File: xkeyval.tex 2014/12/03 v2.7a key=value parser (HA)
))
\zifour@ocount=\count302
) (/Users/rodrigo/Library/TinyTeX/texmf-dist/tex/latex/graphics/color.sty
Package: color 2025/01/14 v1.3e Standard LaTeX Color (DPC)
 (/Users/rodrigo/Library/TinyTeX/texmf-dist/tex/latex/graphics-cfg/color.cfg
File: color.cfg 2016/01/02 v1.6 sample color configuration
)
Package color Info: Driver file: pdftex.def on input line 149.
 (/Users/rodrigo/Library/TinyTeX/texmf-dist/tex/latex/graphics-def/pdftex.def
File: pdftex.def 2024/04/13 v1.2c Graphics/color driver for pdftex
) (/Users/rodrigo/Library/TinyTeX/texmf-dist/tex/latex/graphics/mathcolor.ltx)) (/Users/rodrigo/Library/TinyTeX/texmf-dist/tex/latex/hyperref/hyperref.sty
Package: hyperref 2025-07-12 v7.01o Hypertext links for LaTeX
 (/Users/rodrigo/Library/TinyTeX/texmf-dist/tex/latex/kvsetkeys/kvsetkeys.sty
Package: kvsetkeys 2022-10-05 v1.19 Key value parser (HO)
) (/Users/rodrigo/Library/TinyTeX/texmf-dist/tex/generic/kvdefinekeys/kvdefinekeys.sty
Package: kvdefinekeys 2019-12-19 v1.6 Define keys (HO)
) (/Users/rodrigo/Library/TinyTeX/texmf-dist/tex/generic/pdfescape/pdfescape.sty
Package: pdfescape 2019/12/09 v1.15 Implements pdfTeX's escape features (HO)
 (/Users/rodrigo/Library/TinyTeX/texmf-dist/tex/generic/ltxcmds/ltxcmds.sty
Package: ltxcmds 2023-12-04 v1.26 LaTeX kernel commands for general use (HO)
) (/Users/rodrigo/Library/TinyTeX/texmf-dist/tex/generic/pdftexcmds/pdftexcmds.sty
Package: pdftexcmds 2020-06-27 v0.33 Utility functions of pdfTeX for LuaTeX (HO)
 (/Users/rodrigo/Library/TinyTeX/texmf-dist/tex/generic/infwarerr/infwarerr.sty
Package: infwarerr 2019/12/03 v1.5 Providing info/warning/error messages (HO)
)
Package pdftexcmds Info: \pdf@primitive is available.
Package pdftexcmds Info: \pdf@ifprimitive is available.
Package pdftexcmds Info: \pdfdraftmode found.
)) (/Users/rodrigo/Library/TinyTeX/texmf-dist/tex/latex/hycolor/hycolor.sty
Package: hycolor 2020-01-27 v1.10 Color options for hyperref/bookmark (HO)
) (/Users/rodrigo/Library/TinyTeX/texmf-dist/tex/latex/hyperref/nameref.sty
Package: nameref 2025-06-21 v2.57 Cross-referencing by name of section
 (/Users/rodrigo/Library/TinyTeX/texmf-dist/tex/latex/refcount/refcount.sty
Package: refcount 2019/12/15 v3.6 Data extraction from label references (HO)
) (/Users/rodrigo/Library/TinyTeX/texmf-dist/tex/generic/gettitlestring/gettitlestring.sty
Package: gettitlestring 2019/12/15 v1.6 Cleanup title references (HO)
 (/Users/rodrigo/Library/TinyTeX/texmf-dist/tex/latex/kvoptions/kvoptions.sty
Package: kvoptions 2022-06-15 v3.15 Key value format for package options (HO)
))
\c@section@level=\count303
) (/Users/rodrigo/Library/TinyTeX/texmf-dist/tex/latex/etoolbox/etoolbox.sty
Package: etoolbox 2025/02/11 v2.5l e-TeX tools for LaTeX (JAW)
\etb@tempcnta=\count304
) (/Users/rodrigo/Library/TinyTeX/texmf-dist/tex/generic/stringenc/stringenc.sty
Package: stringenc 2019/11/29 v1.12 Convert strings between diff. encodings (HO)
)
\@linkdim=\dimen159
\Hy@linkcounter=\count305
\Hy@pagecounter=\count306
 (/Users/rodrigo/Library/TinyTeX/texmf-dist/tex/latex/hyperref/pd1enc.def
File: pd1enc.def 2025-07-12 v7.01o Hyperref: PDFDocEncoding definition (HO)
Now handling font encoding PD1 ...
... no UTF-8 mapping file for font encoding PD1
) (/Users/rodrigo/Library/TinyTeX/texmf-dist/tex/generic/intcalc/intcalc.sty
Package: intcalc 2019/12/15 v1.3 Expandable calculations with integers (HO)
)
\Hy@SavedSpaceFactor=\count307
 (/Users/rodrigo/Library/TinyTeX/texmf-dist/tex/latex/hyperref/puenc.def
File: puenc.def 2025-07-12 v7.01o Hyperref: PDF Unicode definition (HO)
Now handling font encoding PU ...
... no UTF-8 mapping file for font encoding PU
)
Package hyperref Info: Hyper figures OFF on input line 4195.
Package hyperref Info: Link nesting OFF on input line 4200.
Package hyperref Info: Hyper index ON on input line 4203.
Package hyperref Info: Plain pages OFF on input line 4210.
Package hyperref Info: Backreferencing OFF on input line 4215.
Package hyperref Info: Implicit mode ON; LaTeX internals redefined.
Package hyperref Info: Bookmarks ON on input line 4462.
\c@Hy@tempcnt=\count308
LaTeX Info: Redefining \url on input line 4801.
\XeTeXLinkMargin=\dimen160
 (/Users/rodrigo/Library/TinyTeX/texmf-dist/tex/generic/bitset/bitset.sty
Package: bitset 2019/12/09 v1.3 Handle bit-vector datatype (HO)
 (/Users/rodrigo/Library/TinyTeX/texmf-dist/tex/generic/bigintcalc/bigintcalc.sty
Package: bigintcalc 2019/12/15 v1.5 Expandable calculations on big integers (HO)
))
\Fld@menulength=\count309
\Field@Width=\dimen161
\Fld@charsize=\dimen162
Package hyperref Info: Hyper figures OFF on input line 6078.
Package hyperref Info: Link nesting OFF on input line 6083.
Package hyperref Info: Hyper index ON on input line 6086.
Package hyperref Info: backreferencing OFF on input line 6093.
Package hyperref Info: Link coloring OFF on input line 6098.
Package hyperref Info: Link coloring with OCG OFF on input line 6103.
Package hyperref Info: PDF/A mode OFF on input line 6108.
\Hy@abspage=\count310
\c@Item=\count311
\c@Hfootnote=\count312
)
Package hyperref Info: Driver (autodetected): hpdftex.
 (/Users/rodrigo/Library/TinyTeX/texmf-dist/tex/latex/hyperref/hpdftex.def
File: hpdftex.def 2025-07-12 v7.01o Hyperref driver for pdfTeX
\Fld@listcount=\count313
\c@bookmark@seq@number=\count314
 (/Users/rodrigo/Library/TinyTeX/texmf-dist/tex/latex/rerunfilecheck/rerunfilecheck.sty
Package: rerunfilecheck 2025-06-21 v1.11 Rerun checks for auxiliary files (HO)
 (/Users/rodrigo/Library/TinyTeX/texmf-dist/tex/generic/uniquecounter/uniquecounter.sty
Package: uniquecounter 2019/12/15 v1.4 Provide unlimited unique counter (HO)
)
Package uniquecounter Info: New unique counter `rerunfilecheck' on input line 284.
)
\Hy@SectionHShift=\skip59
)
Package hyperref Info: Option `colorlinks' set `true' on input line 413.
Package hyperref Info: Option `linktocpage' set `true' on input line 413.
Package hyperref Info: Option `plainpages' set `false' on input line 413.
LaTeX Encoding Info:    Ignoring declaration for text command \textdegree (encoding ?) on input line 462.
LaTeX Encoding Info:    Ignoring declaration for text command \textonehalf (encoding ?) on input line 463.
LaTeX Encoding Info:    Ignoring declaration for text command \textonequarter (encoding ?) on input line 464.
LaTeX Encoding Info:    Ignoring declaration for text command \textthreequarters (encoding ?) on input line 465.
LaTeX Encoding Info:    Ignoring declaration for text command \textcent (encoding ?) on input line 466.
LaTeX Encoding Info:    Ignoring declaration for text command \textyen (encoding ?) on input line 467.
LaTeX Encoding Info:    Ignoring declaration for text command \textcurrency (encoding ?) on input line 468.
LaTeX Encoding Info:    Ignoring declaration for text command \textbrokenbar (encoding ?) on input line 469.
LaTeX Encoding Info:    Ignoring declaration for text command \texteuro (encoding ?) on input line 470.
) (/Users/rodrigo/Library/TinyTeX/texmf-dist/tex/latex/base/makeidx.sty
Package: makeidx 2021/10/04 v1.0m Standard LaTeX package
)
\@indexfile=\write3
\openout3 = `Rd2.idx'.


Writing index file Rd2.idx
LaTeX Font Info:    Trying to load font information for T1+ptm on input line 8.
(/Users/rodrigo/Library/TinyTeX/texmf-dist/tex/latex/psnfss/t1ptm.fd
File: t1ptm.fd 2001/06/04 font definitions for T1/ptm.
) (/Users/rodrigo/Library/TinyTeX/texmf-dist/tex/latex/l3backend/l3backend-pdftex.def
File: l3backend-pdftex.def 2025-06-09 L3 backend support: PDF output (pdfTeX)
\l__color_backend_stack_int=\count315
) (/private/var/folders/c4/f630vqgj7374d9z7lclxs93h0000gn/T/RtmpEBKzGd/Rd2pdfc90510d53d5a/Rd2.aux)
\openout1 = `Rd2.aux'.

LaTeX Font Info:    Checking defaults for OML/cmm/m/it on input line 8.
LaTeX Font Info:    ... okay on input line 8.
LaTeX Font Info:    Checking defaults for OMS/cmsy/m/n on input line 8.
LaTeX Font Info:    ... okay on input line 8.
LaTeX Font Info:    Checking defaults for OT1/cmr/m/n on input line 8.
LaTeX Font Info:    ... okay on input line 8.
LaTeX Font Info:    Checking defaults for T1/cmr/m/n on input line 8.
LaTeX Font Info:    ... okay on input line 8.
LaTeX Font Info:    Checking defaults for TS1/cmr/m/n on input line 8.
LaTeX Font Info:    ... okay on input line 8.
LaTeX Font Info:    Checking defaults for OMX/cmex/m/n on input line 8.
LaTeX Font Info:    ... okay on input line 8.
LaTeX Font Info:    Checking defaults for U/cmr/m/n on input line 8.
LaTeX Font Info:    ... okay on input line 8.
LaTeX Font Info:    Checking defaults for PD1/pdf/m/n on input line 8.
LaTeX Font Info:    ... okay on input line 8.
LaTeX Font Info:    Checking defaults for PU/pdf/m/n on input line 8.
LaTeX Font Info:    ... okay on input line 8.
Package hyperref Info: Link coloring ON on input line 8.
 (/private/var/folders/c4/f630vqgj7374d9z7lclxs93h0000gn/T/RtmpEBKzGd/Rd2pdfc90510d53d5a/Rd2.out) (/private/var/folders/c4/f630vqgj7374d9z7lclxs93h0000gn/T/RtmpEBKzGd/Rd2pdfc90510d53d5a/Rd2.out)
\@outlinefile=\write4
\openout4 = `Rd2.out'.

LaTeX Font Info:    Trying to load font information for TS1+ptm on input line 18.
 (/Users/rodrigo/Library/TinyTeX/texmf-dist/tex/latex/psnfss/ts1ptm.fd
File: ts1ptm.fd 2001/06/04 font definitions for TS1/ptm.
)
LaTeX Font Info:    Trying to load font information for T1+zi4 on input line 21.
 (/Users/rodrigo/Library/TinyTeX/texmf-dist/tex/latex/inconsolata/t1zi4.fd
File: t1zi4.fd 2018/01/14 T1/zi4 (Inconsolata)
)
LaTeX Font Info:    Font shape `T1/zi4/m/n' will be
(Font)              scaled to size 10.0pt on input line 21.
LaTeX Font Info:    Trying to load font information for U+msa on input line 21.
 (/Users/rodrigo/Library/TinyTeX/texmf-dist/tex/latex/amsfonts/umsa.fd
File: umsa.fd 2013/01/14 v3.01 AMS symbols A
)
LaTeX Font Info:    Trying to load font information for U+msb on input line 21.
 (/Users/rodrigo/Library/TinyTeX/texmf-dist/tex/latex/amsfonts/umsb.fd
File: umsb.fd 2013/01/14 v3.01 AMS symbols B
) (/private/var/folders/c4/f630vqgj7374d9z7lclxs93h0000gn/T/RtmpEBKzGd/Rd2pdfc90510d53d5a/Rd2.toc

[1


{/Users/rodrigo/Library/TinyTeX/texmf-var/fonts/map/pdftex/updmap/pdftex.map}{/Users/rodrigo/Library/TinyTeX/texmf-dist/fonts/enc/dvips/base/8r.enc}{/Users/rodrigo/Library/TinyTeX/texmf-dist/fonts/enc/dvips/inconsolata/i4-t1-0.enc}]

[2]

[3])
\tf@toc=\write5
\openout5 = `Rd2.toc'.



[4]
Overfull \hbox (17.76704pt too wide) in paragraph at lines 100--101
[]\T1/ptm/m/n/10 A data frame (pos-si-bly with nested list-columns), or a list con-tain-ing []\T1/zi4/m/n/10 FlatResponses
 []


Overfull \hbox (38.54942pt too wide) in paragraph at lines 100--101
[]\T1/ptm/m/n/10 (a flat-tened data frame) or []\T1/zi4/m/n/10 submission_data []\T1/ptm/m/n/10 (from []\T1/zi4/m/n/10 GetResponses() []\T1/ptm/m/n/10 with []\T1/zi4/m/n/10 content.only
 []



[5]
LaTeX Font Info:    Font shape `T1/zi4/m/n' will be
(Font)              scaled to size 9.0pt on input line 126.


[6]
Overfull \hbox (1.53908pt too wide) in paragraph at lines 170--171
[]\T1/ptm/m/n/10 A data.frame with columns []\T1/zi4/m/n/10 submissionId[]\T1/ptm/m/n/10 /[]\T1/zi4/m/n/10 submission_id[]\T1/ptm/m/n/10 , []\T1/zi4/m/n/10 column[]\T1/ptm/m/n/10 , []\T1/zi4/m/n/10 value 
 []


Overfull \hbox (14.23488pt too wide) in paragraph at lines 227--227
 []  \T1/zi4/m/n/9 updates = data.frame(id = "c", column = "status", value = "review", stringsAsFactors = FALSE),[] 
 []



[7]

[8]

[9]

[10]

[11]

[12]

[13]

[14]

[15]

[16]

[17]

[18]

[19]

[20]

[21]
Overfull \hbox (2.80742pt too wide) in paragraph at lines 958--961
\T1/ptm/m/n/10 bines them into a sin-gle comma-separated col-umn. If au-dit log-ging is ac-tive (see [][][]\T1/zi4/m/n/10 StartAuditLog()[][][][]\T1/ptm/m/n/10 ),
 []


Overfull \hbox (11.39984pt too wide) in paragraph at lines 971--971
 []  \T1/zi4/m/n/10 yes_values = c(TRUE, "TRUE", "True", "true", "Yes", "YES", "yes", "Y", "y", 1, "1"),[] 
 []


Overfull \hbox (24.72977pt too wide) in paragraph at lines 972--972
 []  \T1/zi4/m/n/10 no_values = c(FALSE, "FALSE", "False", "false", "No", "NO", "no", "N", "n", 0, "0", "",[] 
 []



[22]
Overfull \hbox (9.75021pt too wide) in paragraph at lines 1044--1044
 []  \T1/zi4/m/n/10 compare_cols = c("label", "type", "required", "description", "default", "options",[] 
 []



[23]

[24]

[25]

[26]

[27]
Overfull \hbox (5.60802pt too wide) in paragraph at lines 1352--1355
\T1/ptm/m/n/10 for non-technical users who want a quick sum-mary. If au-dit log-ging is ac-tive (see [][][]\T1/zi4/m/n/10 StartAuditLog()[][][][]\T1/ptm/m/n/10 ),
 []


Overfull \hbox (17.5288pt too wide) in paragraph at lines 1373--1375
[]\T1/ptm/m/n/10 Logical. If []\T1/zi4/m/n/10 TRUE[]\T1/ptm/m/n/10 , in-clude a field dic-tio-nary in the out-put (from [][][]\T1/zi4/m/n/10 FieldDictionary()[][][][]\T1/ptm/m/n/10 ). 
 []



[28]
Overfull \hbox (19.1968pt too wide) in paragraph at lines 1399--1403
\T1/ptm/m/n/10 this func-tion will au-to-mat-i-cally fetch the form schema us-ing stored cre-den-tials (from [][][]\T1/zi4/m/n/10 AskCredentials()[][][]
 []



[29]

[30]
Overfull \hbox (36.52786pt too wide) in paragraph at lines 1536--1538
[]\T1/ptm/m/n/10 A data.frame, list of data.frames, or list con-tain-ing []\T1/zi4/m/n/10 FlatResponses []\T1/ptm/m/n/10 or []\T1/zi4/m/n/10 submission_data[]\T1/ptm/m/n/10 . 
 []



[31]

[32]

[33]

[34]
Overfull \hbox (23.55908pt too wide) in paragraph at lines 1712--1714
[]\T1/ptm/m/n/10 Logical. If []\T1/zi4/m/n/10 TRUE[]\T1/ptm/m/n/10 , ex-pands FormIO sur-vey com-po-nents (e.g., []\T1/zi4/m/n/10 simplesurveyadvanced[]\T1/ptm/m/n/10 )
 []



[35]
Overfull \hbox (20.97855pt too wide) in paragraph at lines 1813--1815
[]\T1/ptm/m/n/10 A list re-turned by [][][]\T1/zi4/m/n/10 FlattenSubmissions()[][][][]\T1/ptm/m/n/10 , con-tain-ing at min-i-mum \T1/zi4/m/n/10 $FlatResponses
 []


Overfull \hbox (0.54732pt too wide) in paragraph at lines 1822--1825
[]\T1/ptm/m/n/10 This func-tion is typ-i-cally used be-fore [][][]\T1/zi4/m/n/10 FixDups()[][][] []\T1/ptm/m/n/10 to help non-technical users iden-tify which columns
 []



[36]

[37]
Underfull \hbox (badness 1270) in paragraph at lines 1884--1884
[]\T1/ptm/m/it/10 Clean du-pli-cated rows caused by multi-value fields in flat-tened
 []



[38]
Underfull \hbox (badness 1546) in paragraph at lines 1981--1981
[]\T1/ptm/m/it/10 Flag sus-pi-cious sub-mis-sions and en-force pre/post com-pa-ra-bil-ity
 []



[39]
Overfull \hbox (22.38083pt too wide) in paragraph at lines 2052--2054
[]\T1/ptm/m/n/10 One of []\T1/zi4/m/n/10 "flag_only"[]\T1/ptm/m/n/10 , []\T1/zi4/m/n/10 "exclude_high_risk"[]\T1/ptm/m/n/10 , []\T1/zi4/m/n/10 "exclude_confirmed_duplicates"[]\T1/ptm/m/n/10 . 
 []



[40]

[41]

[42]
Overfull \hbox (0.76538pt too wide) in paragraph at lines 2241--2243
[]\T1/ptm/m/n/10 Based on stan-dard struc-ture from BC Pub-lic Ser-vice FormIO CHEF struc-ture, pro-cessed and cleaned
 []



[43]
Overfull \hbox (50.81891pt too wide) in paragraph at lines 2299--2301
[]\T1/ptm/m/n/10 Character. API base URL. De-fault: []\T1/zi4/m/n/10 "https://submit.digital.gov.bc.ca/app/api/v1"[]\T1/ptm/m/n/10 . 
 []


Overfull \hbox (1.42859pt too wide) in paragraph at lines 2308--2312
[]\T1/ptm/m/n/10 Folder to write out-put files into. If []\T1/zi4/m/n/10 NULL[]\T1/ptm/m/n/10 , a new folder is cre-ated un-der []\T1/zi4/m/n/10 tempdir()
 []



[44]
Overfull \hbox (9.47954pt too wide) in paragraph at lines 2358--2361
[]\T1/ptm/m/n/10 The work-flow also saves your wiz-ard choices to []\T1/zi4/m/n/10 workflow_plan.rds []\T1/ptm/m/n/10 and []\T1/zi4/m/n/10 workflow_plan.json
 []



[45]

[46]
Overfull \hbox (47.86887pt too wide) in paragraph at lines 2499--2501
[]\T1/ptm/m/n/10 Character API base URL. De-fault: []\T1/zi4/m/n/10 "https://submit.digital.gov.bc.ca/app/api/v1"[]\T1/ptm/m/n/10 . 
 []



[47]
Overfull \hbox (47.86887pt too wide) in paragraph at lines 2552--2554
[]\T1/ptm/m/n/10 Character API base URL. De-fault: []\T1/zi4/m/n/10 "https://submit.digital.gov.bc.ca/app/api/v1"[]\T1/ptm/m/n/10 . 
 []



[48]
Overfull \hbox (47.86887pt too wide) in paragraph at lines 2614--2616
[]\T1/ptm/m/n/10 Character API base URL. De-fault: []\T1/zi4/m/n/10 "https://submit.digital.gov.bc.ca/app/api/v1"[]\T1/ptm/m/n/10 . 
 []



[49]

[50]

[51]

[52]

[53]
Overfull \hbox (16.17767pt too wide) in paragraph at lines 2878--2880
[]\T1/ptm/m/n/10 This is most use-ful in scripts when you want to con-di-tion-ally add a man-ual note us-ing [][][]\T1/zi4/m/n/10 WriteAuditLog()[][][]
 []



[54]

[55]

[56]
Overfull \hbox (18.6284pt too wide) in paragraph at lines 2987--2989
[]\T1/ptm/m/n/10 A data.frame of re-sponses, or a list con-tain-ing []\T1/zi4/m/n/10 FlatResponses []\T1/ptm/m/n/10 or []\T1/zi4/m/n/10 submission_data[]\T1/ptm/m/n/10 . 
 []


Overfull \hbox (11.28764pt too wide) in paragraph at lines 2990--2992
[]\T1/ptm/m/n/10 Optional form schema, JSON string, or meta-data ob-ject (see [][][]\T1/zi4/m/n/10 FieldDictionary()[][][][]\T1/ptm/m/n/10 ).
 []



[57]

[58]

[59]

[60]

[61]

[62]

[63]

[64]

[65]

[66]

[67]

[68]

[69]
Overfull \hbox (0.1385pt too wide) in paragraph at lines 3704--3707
[]\T1/ptm/m/n/10 Convenience wrap-per around [][][]\T1/zi4/m/n/10 ResponseTimeline()[][][] []\T1/ptm/m/n/10 that draws a sim-ple line chart us-ing base graph-
 []



[70]

[71]

[72]
LaTeX Font Info:    Trying to load font information for TS1+zi4 on input line 3860.
 (/Users/rodrigo/Library/TinyTeX/texmf-dist/tex/latex/inconsolata/ts1zi4.fd
File: ts1zi4.fd 2018/01/14 TS1/zi4 (Inconsolata)
)
LaTeX Font Info:    Font shape `TS1/zi4/m/n' will be
(Font)              scaled to size 10.0pt on input line 3860.


[73{/Users/rodrigo/Library/TinyTeX/texmf-dist/fonts/enc/dvips/inconsolata/i4-ts1.enc}]

[74]
Overfull \hbox (7.60999pt too wide) in paragraph at lines 3958--3960
[]\T1/ptm/m/n/10 List from [][][]\T1/zi4/m/n/10 FlattenSubmissions()[][][] []\T1/ptm/m/n/10 con-tain-ing []\T1/zi4/m/n/10 FlatResponses []\T1/ptm/m/n/10 and []\T1/zi4/m/n/10 ColumnNames[]\T1/ptm/m/n/10 . 
 []



[75]

[76]

[77]

[78]
Overfull \hbox (21.41006pt too wide) in paragraph at lines 4190--4190
 []  \T1/zi4/m/n/10 strategy = c("auto", "concat", "first", "last", "sum", "mean", "count", "count_yes"),[] 
 []


Overfull \hbox (2.0771pt too wide) in paragraph at lines 4220--4225
\T1/ptm/m/n/10 or nested data-frame columns even af-ter flat-ten-ing. These val-ues are con-verted to read-able JSON/text
 []



[79]

[80]

[81]
Overfull \hbox (9.25803pt too wide) in paragraph at lines 4357--4363
[]\T1/ptm/m/n/10 Optional. Columns used to de-fine "du-pli-cate sub-mis-sions" (for ex-am-ple []\T1/zi4/m/n/10 username[]\T1/ptm/m/n/10 ,
 []



[82]
Overfull \hbox (29.25635pt too wide) in paragraph at lines 4426--4426
 []  \T1/zi4/m/n/9 email = c("x@example.com", "x@example.com", "x@example.com", "x@example.com", "x@example.com"),[] 
 []

LaTeX Info: Symbol \textasciigrave not provided by
            font family zi4 in TS1 encoding.
            Default family used instead on input line 4431.
LaTeX Info: Symbol \textasciigrave not provided by
            font family zi4 in TS1 encoding.
            Default family used instead on input line 4431.


[83{/Users/rodrigo/Library/TinyTeX/texmf-dist/fonts/enc/dvips/cm-super/cm-super-ts1.enc}]

[84]

[85]

[86]
Overfull \hbox (43.5373pt too wide) in paragraph at lines 4675--4679
[]\T1/ptm/m/n/10 Designed for non-technical users: it ac-cepts ei-ther a data frame or the list pro-duced by [][][]\T1/zi4/m/n/10 FlattenSubmissions()[][][]
 []



[87]

[88]

[89]

[90]

[91]

[92]

[93]

[94]

[95] (/private/var/folders/c4/f630vqgj7374d9z7lclxs93h0000gn/T/RtmpEBKzGd/Rd2pdfc90510d53d5a/Rd2.ind

[96]



[97

]


LaTeX Font Warning: Font shape `T1/zi4/m/it' undefined
(Font)              using `T1/zi4/m/n' instead on input line 225.



[98]



[99]



[100

]) (/private/var/folders/c4/f630vqgj7374d9z7lclxs93h0000gn/T/RtmpEBKzGd/Rd2pdfc90510d53d5a/Rd2.aux)
 ***********
LaTeX2e <2025-06-01> patch level 1
L3 programming layer <2025-08-13>
 ***********


LaTeX Font Warning: Some font shapes were not available, defaults substituted.

Package rerunfilecheck Info: File `Rd2.out' has not changed.
(rerunfilecheck)             Checksum: F909142ECA3C091E5EFAA164F9FB7B74;21595.
 ) 
Here is how much of TeX's memory you used:
 11465 strings out of 469781
 177221 string characters out of 5481415
 566691 words of memory out of 5000000
 38661 multiletter control sequences out of 15000+600000
 661096 words of font info for 83 fonts, out of 8000000 for 9000
 14 hyphenation exceptions out of 8191
 92i,6n,95p,487b,769s stack positions out of 10000i,1000n,20000p,200000b,200000s

pdfTeX warning (dest): name{Rfn.base::print\(\)} has been referenced but does not exist, replaced by a fixed one


pdfTeX warning (dest): name{Rfn.wordcloud::wordcloud\(\)} has been referenced but does not exist, replaced by a fixed one


pdfTeX warning (dest): name{Rfn.plot} has been referenced but does not exist, replaced by a fixed one


pdfTeX warning (dest): name{Rfn.hist} has been referenced but does not exist, replaced by a fixed one


pdfTeX warning (dest): name{Rfn.barplot} has been referenced but does not exist, replaced by a fixed one


pdfTeX warning (dest): name{Rfn.stats::p.adjust\(\)} has been referenced but does not exist, replaced by a fixed one

</Users/rodrigo/Library/TinyTeX/texmf-dist/fonts/type1/public/inconsolata/Inconsolata-zi4r.pfb></Users/rodrigo/Library/TinyTeX/texmf-dist/fonts/type1/public/amsfonts/cm/cmsy10.pfb></Users/rodrigo/Library/TinyTeX/texmf-dist/fonts/type1/public/cm-super/sftt0900.pfb></Users/rodrigo/Library/TinyTeX/texmf-dist/fonts/type1/urw/times/utmb8a.pfb></Users/rodrigo/Library/TinyTeX/texmf-dist/fonts/type1/urw/times/utmr8a.pfb></Users/rodrigo/Library/TinyTeX/texmf-dist/fonts/type1/urw/times/utmr8a.pfb></Users/rodrigo/Library/TinyTeX/texmf-dist/fonts/type1/urw/times/utmri8a.pfb>
Output written on Rd2.pdf (100 pages, 288534 bytes).
PDF statistics:
 2632 PDF objects out of 2984 (max. 8388607)
 2490 compressed objects within 25 object streams
 1021 named destinations out of 1200 (max. 500000)
 1169 words of extra memory for PDF output out of 10000 (max. 10000000)

